[2018-12-26 09:17:40] production.ERROR: No application encryption key has been specified. {"exception":"[object] (RuntimeException(code: 0): No application encryption key has been specified. at /home/kadismile/Desktop/Projects/Laravel/Bitcapital/vendor/laravel/framework/src/Illuminate/Encryption/EncryptionServiceProvider.php:42)
[stacktrace]
#0 /home/kadismile/Desktop/Projects/Laravel/Bitcapital/vendor/laravel/framework/src/Illuminate/Support/helpers.php(1041): Illuminate\\Encryption\\EncryptionServiceProvider->Illuminate\\Encryption\\{closure}(NULL)
#1 /home/kadismile/Desktop/Projects/Laravel/Bitcapital/vendor/laravel/framework/src/Illuminate/Encryption/EncryptionServiceProvider.php(46): tap(NULL, Object(Closure))
#2 /home/kadismile/Desktop/Projects/Laravel/Bitcapital/vendor/laravel/framework/src/Illuminate/Encryption/EncryptionServiceProvider.php(24): Illuminate\\Encryption\\EncryptionServiceProvider->key(Array)
#3 /home/kadismile/Desktop/Projects/Laravel/Bitcapital/vendor/laravel/framework/src/Illuminate/Container/Container.php(764): Illuminate\\Encryption\\EncryptionServiceProvider->Illuminate\\Encryption\\{closure}(Object(Illuminate\\Foundation\\Application), Array)
#4 /home/kadismile/Desktop/Projects/Laravel/Bitcapital/vendor/laravel/framework/src/Illuminate/Container/Container.php(646): Illuminate\\Container\\Container->build(Object(Closure))
#5 /home/kadismile/Desktop/Projects/Laravel/Bitcapital/vendor/laravel/framework/src/Illuminate/Container/Container.php(601): Illuminate\\Container\\Container->resolve('encrypter', Array)
#6 /home/kadismile/Desktop/Projects/Laravel/Bitcapital/vendor/laravel/framework/src/Illuminate/Foundation/Application.php(734): Illuminate\\Container\\Container->make('encrypter', Array)
#7 /home/kadismile/Desktop/Projects/Laravel/Bitcapital/vendor/laravel/framework/src/Illuminate/Container/Container.php(900): Illuminate\\Foundation\\Application->make('encrypter')
#8 /home/kadismile/Desktop/Projects/Laravel/Bitcapital/vendor/laravel/framework/src/Illuminate/Container/Container.php(828): Illuminate\\Container\\Container->resolveClass(Object(ReflectionParameter))
#9 /home/kadismile/Desktop/Projects/Laravel/Bitcapital/vendor/laravel/framework/src/Illuminate/Container/Container.php(795): Illuminate\\Container\\Container->resolveDependencies(Array)
#10 /home/kadismile/Desktop/Projects/Laravel/Bitcapital/vendor/laravel/framework/src/Illuminate/Container/Container.php(646): Illuminate\\Container\\Container->build('App\\\\Http\\\\Middle...')
#11 /home/kadismile/Desktop/Projects/Laravel/Bitcapital/vendor/laravel/framework/src/Illuminate/Container/Container.php(601): Illuminate\\Container\\Container->resolve('App\\\\Http\\\\Middle...', Array)
#12 /home/kadismile/Desktop/Projects/Laravel/Bitcapital/vendor/laravel/framework/src/Illuminate/Foundation/Application.php(734): Illuminate\\Container\\Container->make('App\\\\Http\\\\Middle...', Array)
#13 /home/kadismile/Desktop/Projects/Laravel/Bitcapital/vendor/laravel/framework/src/Illuminate/Pipeline/Pipeline.php(140): Illuminate\\Foundation\\Application->make('App\\\\Http\\\\Middle...')
#14 /home/kadismile/Desktop/Projects/Laravel/Bitcapital/vendor/laravel/framework/src/Illuminate/Routing/Pipeline.php(53): Illuminate\\Pipeline\\Pipeline->Illuminate\\Pipeline\\{closure}(Object(Illuminate\\Http\\Request))
#15 /home/kadismile/Desktop/Projects/Laravel/Bitcapital/vendor/laravel/framework/src/Illuminate/Pipeline/Pipeline.php(104): Illuminate\\Routing\\Pipeline->Illuminate\\Routing\\{closure}(Object(Illuminate\\Http\\Request))
#16 /home/kadismile/Desktop/Projects/Laravel/Bitcapital/vendor/laravel/framework/src/Illuminate/Routing/Router.php(667): Illuminate\\Pipeline\\Pipeline->then(Object(Closure))
#17 /home/kadismile/Desktop/Projects/Laravel/Bitcapital/vendor/laravel/framework/src/Illuminate/Routing/Router.php(642): Illuminate\\Routing\\Router->runRouteWithinStack(Object(Illuminate\\Routing\\Route), Object(Illuminate\\Http\\Request))
#18 /home/kadismile/Desktop/Projects/Laravel/Bitcapital/vendor/laravel/framework/src/Illuminate/Routing/Router.php(608): Illuminate\\Routing\\Router->runRoute(Object(Illuminate\\Http\\Request), Object(Illuminate\\Routing\\Route))
#19 /home/kadismile/Desktop/Projects/Laravel/Bitcapital/vendor/laravel/framework/src/Illuminate/Routing/Router.php(597): Illuminate\\Routing\\Router->dispatchToRoute(Object(Illuminate\\Http\\Request))
#20 /home/kadismile/Desktop/Projects/Laravel/Bitcapital/vendor/laravel/framework/src/Illuminate/Foundation/Http/Kernel.php(176): Illuminate\\Routing\\Router->dispatch(Object(Illuminate\\Http\\Request))
#21 /home/kadismile/Desktop/Projects/Laravel/Bitcapital/vendor/laravel/framework/src/Illuminate/Routing/Pipeline.php(30): Illuminate\\Foundation\\Http\\Kernel->Illuminate\\Foundation\\Http\\{closure}(Object(Illuminate\\Http\\Request))
#22 /home/kadismile/Desktop/Projects/Laravel/Bitcapital/vendor/barryvdh/laravel-cors/src/HandleCors.php(36): Illuminate\\Routing\\Pipeline->Illuminate\\Routing\\{closure}(Object(Illuminate\\Http\\Request))
#23 /home/kadismile/Desktop/Projects/Laravel/Bitcapital/vendor/laravel/framework/src/Illuminate/Pipeline/Pipeline.php(151): Barryvdh\\Cors\\HandleCors->handle(Object(Illuminate\\Http\\Request), Object(Closure))
#24 /home/kadismile/Desktop/Projects/Laravel/Bitcapital/vendor/laravel/framework/src/Illuminate/Routing/Pipeline.php(53): Illuminate\\Pipeline\\Pipeline->Illuminate\\Pipeline\\{closure}(Object(Illuminate\\Http\\Request))
#25 /home/kadismile/Desktop/Projects/Laravel/Bitcapital/vendor/fideloper/proxy/src/TrustProxies.php(57): Illuminate\\Routing\\Pipeline->Illuminate\\Routing\\{closure}(Object(Illuminate\\Http\\Request))
#26 /home/kadismile/Desktop/Projects/Laravel/Bitcapital/vendor/laravel/framework/src/Illuminate/Pipeline/Pipeline.php(151): Fideloper\\Proxy\\TrustProxies->handle(Object(Illuminate\\Http\\Request), Object(Closure))
#27 /home/kadismile/Desktop/Projects/Laravel/Bitcapital/vendor/laravel/framework/src/Illuminate/Routing/Pipeline.php(53): Illuminate\\Pipeline\\Pipeline->Illuminate\\Pipeline\\{closure}(Object(Illuminate\\Http\\Request))
#28 /home/kadismile/Desktop/Projects/Laravel/Bitcapital/vendor/laravel/framework/src/Illuminate/Foundation/Http/Middleware/TransformsRequest.php(31): Illuminate\\Routing\\Pipeline->Illuminate\\Routing\\{closure}(Object(Illuminate\\Http\\Request))
#29 /home/kadismile/Desktop/Projects/Laravel/Bitcapital/vendor/laravel/framework/src/Illuminate/Pipeline/Pipeline.php(151): Illuminate\\Foundation\\Http\\Middleware\\TransformsRequest->handle(Object(Illuminate\\Http\\Request), Object(Closure))
#30 /home/kadismile/Desktop/Projects/Laravel/Bitcapital/vendor/laravel/framework/src/Illuminate/Routing/Pipeline.php(53): Illuminate\\Pipeline\\Pipeline->Illuminate\\Pipeline\\{closure}(Object(Illuminate\\Http\\Request))
#31 /home/kadismile/Desktop/Projects/Laravel/Bitcapital/vendor/laravel/framework/src/Illuminate/Foundation/Http/Middleware/TransformsRequest.php(31): Illuminate\\Routing\\Pipeline->Illuminate\\Routing\\{closure}(Object(Illuminate\\Http\\Request))
#32 /home/kadismile/Desktop/Projects/Laravel/Bitcapital/vendor/laravel/framework/src/Illuminate/Pipeline/Pipeline.php(151): Illuminate\\Foundation\\Http\\Middleware\\TransformsRequest->handle(Object(Illuminate\\Http\\Request), Object(Closure))
#33 /home/kadismile/Desktop/Projects/Laravel/Bitcapital/vendor/laravel/framework/src/Illuminate/Routing/Pipeline.php(53): Illuminate\\Pipeline\\Pipeline->Illuminate\\Pipeline\\{closure}(Object(Illuminate\\Http\\Request))
#34 /home/kadismile/Desktop/Projects/Laravel/Bitcapital/vendor/laravel/framework/src/Illuminate/Foundation/Http/Middleware/ValidatePostSize.php(27): Illuminate\\Routing\\Pipeline->Illuminate\\Routing\\{closure}(Object(Illuminate\\Http\\Request))
#35 /home/kadismile/Desktop/Projects/Laravel/Bitcapital/vendor/laravel/framework/src/Illuminate/Pipeline/Pipeline.php(151): Illuminate\\Foundation\\Http\\Middleware\\ValidatePostSize->handle(Object(Illuminate\\Http\\Request), Object(Closure))
#36 /home/kadismile/Desktop/Projects/Laravel/Bitcapital/vendor/laravel/framework/src/Illuminate/Routing/Pipeline.php(53): Illuminate\\Pipeline\\Pipeline->Illuminate\\Pipeline\\{closure}(Object(Illuminate\\Http\\Request))
#37 /home/kadismile/Desktop/Projects/Laravel/Bitcapital/vendor/laravel/framework/src/Illuminate/Foundation/Http/Middleware/CheckForMaintenanceMode.php(62): Illuminate\\Routing\\Pipeline->Illuminate\\Routing\\{closure}(Object(Illuminate\\Http\\Request))
#38 /home/kadismile/Desktop/Projects/Laravel/Bitcapital/vendor/laravel/framework/src/Illuminate/Pipeline/Pipeline.php(151): Illuminate\\Foundation\\Http\\Middleware\\CheckForMaintenanceMode->handle(Object(Illuminate\\Http\\Request), Object(Closure))
#39 /home/kadismile/Desktop/Projects/Laravel/Bitcapital/vendor/laravel/framework/src/Illuminate/Routing/Pipeline.php(53): Illuminate\\Pipeline\\Pipeline->Illuminate\\Pipeline\\{closure}(Object(Illuminate\\Http\\Request))
#40 /home/kadismile/Desktop/Projects/Laravel/Bitcapital/vendor/laravel/framework/src/Illuminate/Pipeline/Pipeline.php(104): Illuminate\\Routing\\Pipeline->Illuminate\\Routing\\{closure}(Object(Illuminate\\Http\\Request))
#41 /home/kadismile/Desktop/Projects/Laravel/Bitcapital/vendor/laravel/framework/src/Illuminate/Foundation/Http/Kernel.php(151): Illuminate\\Pipeline\\Pipeline->then(Object(Closure))
#42 /home/kadismile/Desktop/Projects/Laravel/Bitcapital/vendor/laravel/framework/src/Illuminate/Foundation/Http/Kernel.php(116): Illuminate\\Foundation\\Http\\Kernel->sendRequestThroughRouter(Object(Illuminate\\Http\\Request))
#43 /home/kadismile/Desktop/Projects/Laravel/Bitcapital/public/index.php(55): Illuminate\\Foundation\\Http\\Kernel->handle(Object(Illuminate\\Http\\Request))
#44 /home/kadismile/Desktop/Projects/Laravel/Bitcapital/server.php(21): require_once('/home/kadismile...')
#45 {main}
"} 
[2018-12-26 09:17:40] production.ERROR: No application encryption key has been specified. {"exception":"[object] (RuntimeException(code: 0): No application encryption key has been specified. at /home/kadismile/Desktop/Projects/Laravel/Bitcapital/vendor/laravel/framework/src/Illuminate/Encryption/EncryptionServiceProvider.php:42)
[stacktrace]
#0 /home/kadismile/Desktop/Projects/Laravel/Bitcapital/vendor/laravel/framework/src/Illuminate/Support/helpers.php(1041): Illuminate\\Encryption\\EncryptionServiceProvider->Illuminate\\Encryption\\{closure}(NULL)
#1 /home/kadismile/Desktop/Projects/Laravel/Bitcapital/vendor/laravel/framework/src/Illuminate/Encryption/EncryptionServiceProvider.php(46): tap(NULL, Object(Closure))
#2 /home/kadismile/Desktop/Projects/Laravel/Bitcapital/vendor/laravel/framework/src/Illuminate/Encryption/EncryptionServiceProvider.php(24): Illuminate\\Encryption\\EncryptionServiceProvider->key(Array)
#3 /home/kadismile/Desktop/Projects/Laravel/Bitcapital/vendor/laravel/framework/src/Illuminate/Container/Container.php(764): Illuminate\\Encryption\\EncryptionServiceProvider->Illuminate\\Encryption\\{closure}(Object(Illuminate\\Foundation\\Application), Array)
#4 /home/kadismile/Desktop/Projects/Laravel/Bitcapital/vendor/laravel/framework/src/Illuminate/Container/Container.php(646): Illuminate\\Container\\Container->build(Object(Closure))
#5 /home/kadismile/Desktop/Projects/Laravel/Bitcapital/vendor/laravel/framework/src/Illuminate/Container/Container.php(601): Illuminate\\Container\\Container->resolve('encrypter', Array)
#6 /home/kadismile/Desktop/Projects/Laravel/Bitcapital/vendor/laravel/framework/src/Illuminate/Foundation/Application.php(734): Illuminate\\Container\\Container->make('encrypter', Array)
#7 /home/kadismile/Desktop/Projects/Laravel/Bitcapital/vendor/laravel/framework/src/Illuminate/Container/Container.php(900): Illuminate\\Foundation\\Application->make('encrypter')
#8 /home/kadismile/Desktop/Projects/Laravel/Bitcapital/vendor/laravel/framework/src/Illuminate/Container/Container.php(828): Illuminate\\Container\\Container->resolveClass(Object(ReflectionParameter))
#9 /home/kadismile/Desktop/Projects/Laravel/Bitcapital/vendor/laravel/framework/src/Illuminate/Container/Container.php(795): Illuminate\\Container\\Container->resolveDependencies(Array)
#10 /home/kadismile/Desktop/Projects/Laravel/Bitcapital/vendor/laravel/framework/src/Illuminate/Container/Container.php(646): Illuminate\\Container\\Container->build('App\\\\Http\\\\Middle...')
#11 /home/kadismile/Desktop/Projects/Laravel/Bitcapital/vendor/laravel/framework/src/Illuminate/Container/Container.php(601): Illuminate\\Container\\Container->resolve('App\\\\Http\\\\Middle...', Array)
#12 /home/kadismile/Desktop/Projects/Laravel/Bitcapital/vendor/laravel/framework/src/Illuminate/Foundation/Application.php(734): Illuminate\\Container\\Container->make('App\\\\Http\\\\Middle...', Array)
#13 /home/kadismile/Desktop/Projects/Laravel/Bitcapital/vendor/laravel/framework/src/Illuminate/Foundation/Http/Kernel.php(215): Illuminate\\Foundation\\Application->make('App\\\\Http\\\\Middle...')
#14 /home/kadismile/Desktop/Projects/Laravel/Bitcapital/vendor/laravel/framework/src/Illuminate/Foundation/Http/Kernel.php(189): Illuminate\\Foundation\\Http\\Kernel->terminateMiddleware(Object(Illuminate\\Http\\Request), Object(Illuminate\\Http\\Response))
#15 /home/kadismile/Desktop/Projects/Laravel/Bitcapital/public/index.php(60): Illuminate\\Foundation\\Http\\Kernel->terminate(Object(Illuminate\\Http\\Request), Object(Illuminate\\Http\\Response))
#16 /home/kadismile/Desktop/Projects/Laravel/Bitcapital/server.php(21): require_once('/home/kadismile...')
#17 {main}
"} 
[2018-12-26 09:42:19] local.ERROR: SQLSTATE[HY000] [1045] Access denied for user 'bitechcapital'@'localhost' (using password: YES) (SQL: select * from information_schema.tables where table_schema = bitechcapital and table_name = migrations) {"exception":"[object] (Illuminate\\Database\\QueryException(code: 1045): SQLSTATE[HY000] [1045] Access denied for user 'bitechcapital'@'localhost' (using password: YES) (SQL: select * from information_schema.tables where table_schema = bitechcapital and table_name = migrations) at /home/kadismile/Desktop/Projects/Laravel/Bitcapital/vendor/laravel/framework/src/Illuminate/Database/Connection.php:664, PDOException(code: 1045): SQLSTATE[HY000] [1045] Access denied for user 'bitechcapital'@'localhost' (using password: YES) at /home/kadismile/Desktop/Projects/Laravel/Bitcapital/vendor/laravel/framework/src/Illuminate/Database/Connectors/Connector.php:68)
[stacktrace]
#0 /home/kadismile/Desktop/Projects/Laravel/Bitcapital/vendor/laravel/framework/src/Illuminate/Database/Connection.php(624): Illuminate\\Database\\Connection->runQueryCallback('select * from i...', Array, Object(Closure))
#1 /home/kadismile/Desktop/Projects/Laravel/Bitcapital/vendor/laravel/framework/src/Illuminate/Database/Connection.php(333): Illuminate\\Database\\Connection->run('select * from i...', Array, Object(Closure))
#2 /home/kadismile/Desktop/Projects/Laravel/Bitcapital/vendor/laravel/framework/src/Illuminate/Database/Schema/MySqlBuilder.php(18): Illuminate\\Database\\Connection->select('select * from i...', Array)
#3 /home/kadismile/Desktop/Projects/Laravel/Bitcapital/vendor/laravel/framework/src/Illuminate/Database/Migrations/DatabaseMigrationRepository.php(169): Illuminate\\Database\\Schema\\MySqlBuilder->hasTable('migrations')
#4 /home/kadismile/Desktop/Projects/Laravel/Bitcapital/vendor/laravel/framework/src/Illuminate/Database/Migrations/Migrator.php(555): Illuminate\\Database\\Migrations\\DatabaseMigrationRepository->repositoryExists()
#5 /home/kadismile/Desktop/Projects/Laravel/Bitcapital/vendor/laravel/framework/src/Illuminate/Database/Console/Migrations/MigrateCommand.php(97): Illuminate\\Database\\Migrations\\Migrator->repositoryExists()
#6 /home/kadismile/Desktop/Projects/Laravel/Bitcapital/vendor/laravel/framework/src/Illuminate/Database/Console/Migrations/MigrateCommand.php(63): Illuminate\\Database\\Console\\Migrations\\MigrateCommand->prepareDatabase()
#7 [internal function]: Illuminate\\Database\\Console\\Migrations\\MigrateCommand->handle()
#8 /home/kadismile/Desktop/Projects/Laravel/Bitcapital/vendor/laravel/framework/src/Illuminate/Container/BoundMethod.php(29): call_user_func_array(Array, Array)
#9 /home/kadismile/Desktop/Projects/Laravel/Bitcapital/vendor/laravel/framework/src/Illuminate/Container/BoundMethod.php(87): Illuminate\\Container\\BoundMethod::Illuminate\\Container\\{closure}()
#10 /home/kadismile/Desktop/Projects/Laravel/Bitcapital/vendor/laravel/framework/src/Illuminate/Container/BoundMethod.php(31): Illuminate\\Container\\BoundMethod::callBoundMethod(Object(Illuminate\\Foundation\\Application), Array, Object(Closure))
#11 /home/kadismile/Desktop/Projects/Laravel/Bitcapital/vendor/laravel/framework/src/Illuminate/Container/Container.php(564): Illuminate\\Container\\BoundMethod::call(Object(Illuminate\\Foundation\\Application), Array, Array, NULL)
#12 /home/kadismile/Desktop/Projects/Laravel/Bitcapital/vendor/laravel/framework/src/Illuminate/Console/Command.php(179): Illuminate\\Container\\Container->call(Array)
#13 /home/kadismile/Desktop/Projects/Laravel/Bitcapital/vendor/symfony/console/Command/Command.php(251): Illuminate\\Console\\Command->execute(Object(Symfony\\Component\\Console\\Input\\ArgvInput), Object(Illuminate\\Console\\OutputStyle))
#14 /home/kadismile/Desktop/Projects/Laravel/Bitcapital/vendor/laravel/framework/src/Illuminate/Console/Command.php(166): Symfony\\Component\\Console\\Command\\Command->run(Object(Symfony\\Component\\Console\\Input\\ArgvInput), Object(Illuminate\\Console\\OutputStyle))
#15 /home/kadismile/Desktop/Projects/Laravel/Bitcapital/vendor/symfony/console/Application.php(886): Illuminate\\Console\\Command->run(Object(Symfony\\Component\\Console\\Input\\ArgvInput), Object(Symfony\\Component\\Console\\Output\\ConsoleOutput))
#16 /home/kadismile/Desktop/Projects/Laravel/Bitcapital/vendor/symfony/console/Application.php(262): Symfony\\Component\\Console\\Application->doRunCommand(Object(Illuminate\\Database\\Console\\Migrations\\MigrateCommand), Object(Symfony\\Component\\Console\\Input\\ArgvInput), Object(Symfony\\Component\\Console\\Output\\ConsoleOutput))
#17 /home/kadismile/Desktop/Projects/Laravel/Bitcapital/vendor/symfony/console/Application.php(145): Symfony\\Component\\Console\\Application->doRun(Object(Symfony\\Component\\Console\\Input\\ArgvInput), Object(Symfony\\Component\\Console\\Output\\ConsoleOutput))
#18 /home/kadismile/Desktop/Projects/Laravel/Bitcapital/vendor/laravel/framework/src/Illuminate/Console/Application.php(89): Symfony\\Component\\Console\\Application->run(Object(Symfony\\Component\\Console\\Input\\ArgvInput), Object(Symfony\\Component\\Console\\Output\\ConsoleOutput))
#19 /home/kadismile/Desktop/Projects/Laravel/Bitcapital/vendor/laravel/framework/src/Illuminate/Foundation/Console/Kernel.php(122): Illuminate\\Console\\Application->run(Object(Symfony\\Component\\Console\\Input\\ArgvInput), Object(Symfony\\Component\\Console\\Output\\ConsoleOutput))
#20 /home/kadismile/Desktop/Projects/Laravel/Bitcapital/artisan(37): Illuminate\\Foundation\\Console\\Kernel->handle(Object(Symfony\\Component\\Console\\Input\\ArgvInput), Object(Symfony\\Component\\Console\\Output\\ConsoleOutput))
#21 {main}
"} 
[2018-12-26 09:42:45] local.ERROR: SQLSTATE[42000]: Syntax error or access violation: 1071 Specified key was too long; max key length is 767 bytes (SQL: alter table `persistences` add unique `persistences_code_unique`(`code`)) {"exception":"[object] (Illuminate\\Database\\QueryException(code: 42000): SQLSTATE[42000]: Syntax error or access violation: 1071 Specified key was too long; max key length is 767 bytes (SQL: alter table `persistences` add unique `persistences_code_unique`(`code`)) at /home/kadismile/Desktop/Projects/Laravel/Bitcapital/vendor/laravel/framework/src/Illuminate/Database/Connection.php:664, PDOException(code: 42000): SQLSTATE[42000]: Syntax error or access violation: 1071 Specified key was too long; max key length is 767 bytes at /home/kadismile/Desktop/Projects/Laravel/Bitcapital/vendor/laravel/framework/src/Illuminate/Database/Connection.php:458)
[stacktrace]
#0 /home/kadismile/Desktop/Projects/Laravel/Bitcapital/vendor/laravel/framework/src/Illuminate/Database/Connection.php(624): Illuminate\\Database\\Connection->runQueryCallback('alter table `pe...', Array, Object(Closure))
#1 /home/kadismile/Desktop/Projects/Laravel/Bitcapital/vendor/laravel/framework/src/Illuminate/Database/Connection.php(459): Illuminate\\Database\\Connection->run('alter table `pe...', Array, Object(Closure))
#2 /home/kadismile/Desktop/Projects/Laravel/Bitcapital/vendor/laravel/framework/src/Illuminate/Database/Schema/Blueprint.php(88): Illuminate\\Database\\Connection->statement('alter table `pe...')
#3 /home/kadismile/Desktop/Projects/Laravel/Bitcapital/vendor/laravel/framework/src/Illuminate/Database/Schema/Builder.php(264): Illuminate\\Database\\Schema\\Blueprint->build(Object(Illuminate\\Database\\MySqlConnection), Object(Illuminate\\Database\\Schema\\Grammars\\MySqlGrammar))
#4 /home/kadismile/Desktop/Projects/Laravel/Bitcapital/vendor/laravel/framework/src/Illuminate/Database/Schema/Builder.php(165): Illuminate\\Database\\Schema\\Builder->build(Object(Illuminate\\Database\\Schema\\Blueprint))
#5 /home/kadismile/Desktop/Projects/Laravel/Bitcapital/vendor/laravel/framework/src/Illuminate/Support/Facades/Facade.php(223): Illuminate\\Database\\Schema\\Builder->create('persistences', Object(Closure))
#6 /home/kadismile/Desktop/Projects/Laravel/Bitcapital/database/migrations/2014_07_02_230147_migration_cartalyst_sentinel.php(51): Illuminate\\Support\\Facades\\Facade::__callStatic('create', Array)
#7 /home/kadismile/Desktop/Projects/Laravel/Bitcapital/vendor/laravel/framework/src/Illuminate/Database/Migrations/Migrator.php(359): MigrationCartalystSentinel->up()
#8 /home/kadismile/Desktop/Projects/Laravel/Bitcapital/vendor/laravel/framework/src/Illuminate/Database/Migrations/Migrator.php(366): Illuminate\\Database\\Migrations\\Migrator->Illuminate\\Database\\Migrations\\{closure}()
#9 /home/kadismile/Desktop/Projects/Laravel/Bitcapital/vendor/laravel/framework/src/Illuminate/Database/Migrations/Migrator.php(177): Illuminate\\Database\\Migrations\\Migrator->runMigration(Object(MigrationCartalystSentinel), 'up')
#10 /home/kadismile/Desktop/Projects/Laravel/Bitcapital/vendor/laravel/framework/src/Illuminate/Database/Migrations/Migrator.php(146): Illuminate\\Database\\Migrations\\Migrator->runUp('/home/kadismile...', 1, false)
#11 /home/kadismile/Desktop/Projects/Laravel/Bitcapital/vendor/laravel/framework/src/Illuminate/Database/Migrations/Migrator.php(95): Illuminate\\Database\\Migrations\\Migrator->runPending(Array, Array)
#12 /home/kadismile/Desktop/Projects/Laravel/Bitcapital/vendor/laravel/framework/src/Illuminate/Database/Console/Migrations/MigrateCommand.php(70): Illuminate\\Database\\Migrations\\Migrator->run(Array, Array)
#13 [internal function]: Illuminate\\Database\\Console\\Migrations\\MigrateCommand->handle()
#14 /home/kadismile/Desktop/Projects/Laravel/Bitcapital/vendor/laravel/framework/src/Illuminate/Container/BoundMethod.php(29): call_user_func_array(Array, Array)
#15 /home/kadismile/Desktop/Projects/Laravel/Bitcapital/vendor/laravel/framework/src/Illuminate/Container/BoundMethod.php(87): Illuminate\\Container\\BoundMethod::Illuminate\\Container\\{closure}()
#16 /home/kadismile/Desktop/Projects/Laravel/Bitcapital/vendor/laravel/framework/src/Illuminate/Container/BoundMethod.php(31): Illuminate\\Container\\BoundMethod::callBoundMethod(Object(Illuminate\\Foundation\\Application), Array, Object(Closure))
#17 /home/kadismile/Desktop/Projects/Laravel/Bitcapital/vendor/laravel/framework/src/Illuminate/Container/Container.php(564): Illuminate\\Container\\BoundMethod::call(Object(Illuminate\\Foundation\\Application), Array, Array, NULL)
#18 /home/kadismile/Desktop/Projects/Laravel/Bitcapital/vendor/laravel/framework/src/Illuminate/Console/Command.php(179): Illuminate\\Container\\Container->call(Array)
#19 /home/kadismile/Desktop/Projects/Laravel/Bitcapital/vendor/symfony/console/Command/Command.php(251): Illuminate\\Console\\Command->execute(Object(Symfony\\Component\\Console\\Input\\ArgvInput), Object(Illuminate\\Console\\OutputStyle))
#20 /home/kadismile/Desktop/Projects/Laravel/Bitcapital/vendor/laravel/framework/src/Illuminate/Console/Command.php(166): Symfony\\Component\\Console\\Command\\Command->run(Object(Symfony\\Component\\Console\\Input\\ArgvInput), Object(Illuminate\\Console\\OutputStyle))
#21 /home/kadismile/Desktop/Projects/Laravel/Bitcapital/vendor/symfony/console/Application.php(886): Illuminate\\Console\\Command->run(Object(Symfony\\Component\\Console\\Input\\ArgvInput), Object(Symfony\\Component\\Console\\Output\\ConsoleOutput))
#22 /home/kadismile/Desktop/Projects/Laravel/Bitcapital/vendor/symfony/console/Application.php(262): Symfony\\Component\\Console\\Application->doRunCommand(Object(Illuminate\\Database\\Console\\Migrations\\MigrateCommand), Object(Symfony\\Component\\Console\\Input\\ArgvInput), Object(Symfony\\Component\\Console\\Output\\ConsoleOutput))
#23 /home/kadismile/Desktop/Projects/Laravel/Bitcapital/vendor/symfony/console/Application.php(145): Symfony\\Component\\Console\\Application->doRun(Object(Symfony\\Component\\Console\\Input\\ArgvInput), Object(Symfony\\Component\\Console\\Output\\ConsoleOutput))
#24 /home/kadismile/Desktop/Projects/Laravel/Bitcapital/vendor/laravel/framework/src/Illuminate/Console/Application.php(89): Symfony\\Component\\Console\\Application->run(Object(Symfony\\Component\\Console\\Input\\ArgvInput), Object(Symfony\\Component\\Console\\Output\\ConsoleOutput))
#25 /home/kadismile/Desktop/Projects/Laravel/Bitcapital/vendor/laravel/framework/src/Illuminate/Foundation/Console/Kernel.php(122): Illuminate\\Console\\Application->run(Object(Symfony\\Component\\Console\\Input\\ArgvInput), Object(Symfony\\Component\\Console\\Output\\ConsoleOutput))
#26 /home/kadismile/Desktop/Projects/Laravel/Bitcapital/artisan(37): Illuminate\\Foundation\\Console\\Kernel->handle(Object(Symfony\\Component\\Console\\Input\\ArgvInput), Object(Symfony\\Component\\Console\\Output\\ConsoleOutput))
#27 {main}
"} 
[2018-12-26 09:47:45] local.ERROR: SQLSTATE[42000]: Syntax error or access violation: 1071 Specified key was too long; max key length is 767 bytes (SQL: alter table `persistences` add unique `persistences_code_unique`(`code`)) {"exception":"[object] (Illuminate\\Database\\QueryException(code: 42000): SQLSTATE[42000]: Syntax error or access violation: 1071 Specified key was too long; max key length is 767 bytes (SQL: alter table `persistences` add unique `persistences_code_unique`(`code`)) at /home/kadismile/Desktop/Projects/Laravel/Bitcapital/vendor/laravel/framework/src/Illuminate/Database/Connection.php:664, PDOException(code: 42000): SQLSTATE[42000]: Syntax error or access violation: 1071 Specified key was too long; max key length is 767 bytes at /home/kadismile/Desktop/Projects/Laravel/Bitcapital/vendor/laravel/framework/src/Illuminate/Database/Connection.php:458)
[stacktrace]
#0 /home/kadismile/Desktop/Projects/Laravel/Bitcapital/vendor/laravel/framework/src/Illuminate/Database/Connection.php(624): Illuminate\\Database\\Connection->runQueryCallback('alter table `pe...', Array, Object(Closure))
#1 /home/kadismile/Desktop/Projects/Laravel/Bitcapital/vendor/laravel/framework/src/Illuminate/Database/Connection.php(459): Illuminate\\Database\\Connection->run('alter table `pe...', Array, Object(Closure))
#2 /home/kadismile/Desktop/Projects/Laravel/Bitcapital/vendor/laravel/framework/src/Illuminate/Database/Schema/Blueprint.php(88): Illuminate\\Database\\Connection->statement('alter table `pe...')
#3 /home/kadismile/Desktop/Projects/Laravel/Bitcapital/vendor/laravel/framework/src/Illuminate/Database/Schema/Builder.php(264): Illuminate\\Database\\Schema\\Blueprint->build(Object(Illuminate\\Database\\MySqlConnection), Object(Illuminate\\Database\\Schema\\Grammars\\MySqlGrammar))
#4 /home/kadismile/Desktop/Projects/Laravel/Bitcapital/vendor/laravel/framework/src/Illuminate/Database/Schema/Builder.php(165): Illuminate\\Database\\Schema\\Builder->build(Object(Illuminate\\Database\\Schema\\Blueprint))
#5 /home/kadismile/Desktop/Projects/Laravel/Bitcapital/vendor/laravel/framework/src/Illuminate/Support/Facades/Facade.php(223): Illuminate\\Database\\Schema\\Builder->create('persistences', Object(Closure))
#6 /home/kadismile/Desktop/Projects/Laravel/Bitcapital/database/migrations/2014_07_02_230147_migration_cartalyst_sentinel.php(51): Illuminate\\Support\\Facades\\Facade::__callStatic('create', Array)
#7 /home/kadismile/Desktop/Projects/Laravel/Bitcapital/vendor/laravel/framework/src/Illuminate/Database/Migrations/Migrator.php(359): MigrationCartalystSentinel->up()
#8 /home/kadismile/Desktop/Projects/Laravel/Bitcapital/vendor/laravel/framework/src/Illuminate/Database/Migrations/Migrator.php(366): Illuminate\\Database\\Migrations\\Migrator->Illuminate\\Database\\Migrations\\{closure}()
#9 /home/kadismile/Desktop/Projects/Laravel/Bitcapital/vendor/laravel/framework/src/Illuminate/Database/Migrations/Migrator.php(177): Illuminate\\Database\\Migrations\\Migrator->runMigration(Object(MigrationCartalystSentinel), 'up')
#10 /home/kadismile/Desktop/Projects/Laravel/Bitcapital/vendor/laravel/framework/src/Illuminate/Database/Migrations/Migrator.php(146): Illuminate\\Database\\Migrations\\Migrator->runUp('/home/kadismile...', 1, false)
#11 /home/kadismile/Desktop/Projects/Laravel/Bitcapital/vendor/laravel/framework/src/Illuminate/Database/Migrations/Migrator.php(95): Illuminate\\Database\\Migrations\\Migrator->runPending(Array, Array)
#12 /home/kadismile/Desktop/Projects/Laravel/Bitcapital/vendor/laravel/framework/src/Illuminate/Database/Console/Migrations/MigrateCommand.php(70): Illuminate\\Database\\Migrations\\Migrator->run(Array, Array)
#13 [internal function]: Illuminate\\Database\\Console\\Migrations\\MigrateCommand->handle()
#14 /home/kadismile/Desktop/Projects/Laravel/Bitcapital/vendor/laravel/framework/src/Illuminate/Container/BoundMethod.php(29): call_user_func_array(Array, Array)
#15 /home/kadismile/Desktop/Projects/Laravel/Bitcapital/vendor/laravel/framework/src/Illuminate/Container/BoundMethod.php(87): Illuminate\\Container\\BoundMethod::Illuminate\\Container\\{closure}()
#16 /home/kadismile/Desktop/Projects/Laravel/Bitcapital/vendor/laravel/framework/src/Illuminate/Container/BoundMethod.php(31): Illuminate\\Container\\BoundMethod::callBoundMethod(Object(Illuminate\\Foundation\\Application), Array, Object(Closure))
#17 /home/kadismile/Desktop/Projects/Laravel/Bitcapital/vendor/laravel/framework/src/Illuminate/Container/Container.php(564): Illuminate\\Container\\BoundMethod::call(Object(Illuminate\\Foundation\\Application), Array, Array, NULL)
#18 /home/kadismile/Desktop/Projects/Laravel/Bitcapital/vendor/laravel/framework/src/Illuminate/Console/Command.php(179): Illuminate\\Container\\Container->call(Array)
#19 /home/kadismile/Desktop/Projects/Laravel/Bitcapital/vendor/symfony/console/Command/Command.php(251): Illuminate\\Console\\Command->execute(Object(Symfony\\Component\\Console\\Input\\ArgvInput), Object(Illuminate\\Console\\OutputStyle))
#20 /home/kadismile/Desktop/Projects/Laravel/Bitcapital/vendor/laravel/framework/src/Illuminate/Console/Command.php(166): Symfony\\Component\\Console\\Command\\Command->run(Object(Symfony\\Component\\Console\\Input\\ArgvInput), Object(Illuminate\\Console\\OutputStyle))
#21 /home/kadismile/Desktop/Projects/Laravel/Bitcapital/vendor/symfony/console/Application.php(886): Illuminate\\Console\\Command->run(Object(Symfony\\Component\\Console\\Input\\ArgvInput), Object(Symfony\\Component\\Console\\Output\\ConsoleOutput))
#22 /home/kadismile/Desktop/Projects/Laravel/Bitcapital/vendor/symfony/console/Application.php(262): Symfony\\Component\\Console\\Application->doRunCommand(Object(Illuminate\\Database\\Console\\Migrations\\MigrateCommand), Object(Symfony\\Component\\Console\\Input\\ArgvInput), Object(Symfony\\Component\\Console\\Output\\ConsoleOutput))
#23 /home/kadismile/Desktop/Projects/Laravel/Bitcapital/vendor/symfony/console/Application.php(145): Symfony\\Component\\Console\\Application->doRun(Object(Symfony\\Component\\Console\\Input\\ArgvInput), Object(Symfony\\Component\\Console\\Output\\ConsoleOutput))
#24 /home/kadismile/Desktop/Projects/Laravel/Bitcapital/vendor/laravel/framework/src/Illuminate/Console/Application.php(89): Symfony\\Component\\Console\\Application->run(Object(Symfony\\Component\\Console\\Input\\ArgvInput), Object(Symfony\\Component\\Console\\Output\\ConsoleOutput))
#25 /home/kadismile/Desktop/Projects/Laravel/Bitcapital/vendor/laravel/framework/src/Illuminate/Foundation/Console/Kernel.php(122): Illuminate\\Console\\Application->run(Object(Symfony\\Component\\Console\\Input\\ArgvInput), Object(Symfony\\Component\\Console\\Output\\ConsoleOutput))
#26 /home/kadismile/Desktop/Projects/Laravel/Bitcapital/artisan(37): Illuminate\\Foundation\\Console\\Kernel->handle(Object(Symfony\\Component\\Console\\Input\\ArgvInput), Object(Symfony\\Component\\Console\\Output\\ConsoleOutput))
#27 {main}
"} 
[2018-12-26 09:57:46] local.ERROR: SQLSTATE[42S01]: Base table or view already exists: 1050 Table 'activations' already exists (SQL: create table `activations` (`id` int unsigned not null auto_increment primary key, `user_id` int unsigned not null, `code` varchar(255) not null, `completed` tinyint(1) not null default '0', `completed_at` timestamp null, `created_at` timestamp null, `updated_at` timestamp null) default character set utf8 collate 'utf8_unicode_ci' engine = InnoDB) {"exception":"[object] (Illuminate\\Database\\QueryException(code: 42S01): SQLSTATE[42S01]: Base table or view already exists: 1050 Table 'activations' already exists (SQL: create table `activations` (`id` int unsigned not null auto_increment primary key, `user_id` int unsigned not null, `code` varchar(255) not null, `completed` tinyint(1) not null default '0', `completed_at` timestamp null, `created_at` timestamp null, `updated_at` timestamp null) default character set utf8 collate 'utf8_unicode_ci' engine = InnoDB) at /home/kadismile/Desktop/Projects/Laravel/Bitcapital/vendor/laravel/framework/src/Illuminate/Database/Connection.php:664, PDOException(code: 42S01): SQLSTATE[42S01]: Base table or view already exists: 1050 Table 'activations' already exists at /home/kadismile/Desktop/Projects/Laravel/Bitcapital/vendor/laravel/framework/src/Illuminate/Database/Connection.php:458)
[stacktrace]
#0 /home/kadismile/Desktop/Projects/Laravel/Bitcapital/vendor/laravel/framework/src/Illuminate/Database/Connection.php(624): Illuminate\\Database\\Connection->runQueryCallback('create table `a...', Array, Object(Closure))
#1 /home/kadismile/Desktop/Projects/Laravel/Bitcapital/vendor/laravel/framework/src/Illuminate/Database/Connection.php(459): Illuminate\\Database\\Connection->run('create table `a...', Array, Object(Closure))
#2 /home/kadismile/Desktop/Projects/Laravel/Bitcapital/vendor/laravel/framework/src/Illuminate/Database/Schema/Blueprint.php(88): Illuminate\\Database\\Connection->statement('create table `a...')
#3 /home/kadismile/Desktop/Projects/Laravel/Bitcapital/vendor/laravel/framework/src/Illuminate/Database/Schema/Builder.php(264): Illuminate\\Database\\Schema\\Blueprint->build(Object(Illuminate\\Database\\MySqlConnection), Object(Illuminate\\Database\\Schema\\Grammars\\MySqlGrammar))
#4 /home/kadismile/Desktop/Projects/Laravel/Bitcapital/vendor/laravel/framework/src/Illuminate/Database/Schema/Builder.php(165): Illuminate\\Database\\Schema\\Builder->build(Object(Illuminate\\Database\\Schema\\Blueprint))
#5 /home/kadismile/Desktop/Projects/Laravel/Bitcapital/vendor/laravel/framework/src/Illuminate/Support/Facades/Facade.php(223): Illuminate\\Database\\Schema\\Builder->create('activations', Object(Closure))
#6 /home/kadismile/Desktop/Projects/Laravel/Bitcapital/database/migrations/2014_07_02_230147_migration_cartalyst_sentinel.php(41): Illuminate\\Support\\Facades\\Facade::__callStatic('create', Array)
#7 /home/kadismile/Desktop/Projects/Laravel/Bitcapital/vendor/laravel/framework/src/Illuminate/Database/Migrations/Migrator.php(359): MigrationCartalystSentinel->up()
#8 /home/kadismile/Desktop/Projects/Laravel/Bitcapital/vendor/laravel/framework/src/Illuminate/Database/Migrations/Migrator.php(366): Illuminate\\Database\\Migrations\\Migrator->Illuminate\\Database\\Migrations\\{closure}()
#9 /home/kadismile/Desktop/Projects/Laravel/Bitcapital/vendor/laravel/framework/src/Illuminate/Database/Migrations/Migrator.php(177): Illuminate\\Database\\Migrations\\Migrator->runMigration(Object(MigrationCartalystSentinel), 'up')
#10 /home/kadismile/Desktop/Projects/Laravel/Bitcapital/vendor/laravel/framework/src/Illuminate/Database/Migrations/Migrator.php(146): Illuminate\\Database\\Migrations\\Migrator->runUp('/home/kadismile...', 1, false)
#11 /home/kadismile/Desktop/Projects/Laravel/Bitcapital/vendor/laravel/framework/src/Illuminate/Database/Migrations/Migrator.php(95): Illuminate\\Database\\Migrations\\Migrator->runPending(Array, Array)
#12 /home/kadismile/Desktop/Projects/Laravel/Bitcapital/vendor/laravel/framework/src/Illuminate/Database/Console/Migrations/MigrateCommand.php(70): Illuminate\\Database\\Migrations\\Migrator->run(Array, Array)
#13 [internal function]: Illuminate\\Database\\Console\\Migrations\\MigrateCommand->handle()
#14 /home/kadismile/Desktop/Projects/Laravel/Bitcapital/vendor/laravel/framework/src/Illuminate/Container/BoundMethod.php(29): call_user_func_array(Array, Array)
#15 /home/kadismile/Desktop/Projects/Laravel/Bitcapital/vendor/laravel/framework/src/Illuminate/Container/BoundMethod.php(87): Illuminate\\Container\\BoundMethod::Illuminate\\Container\\{closure}()
#16 /home/kadismile/Desktop/Projects/Laravel/Bitcapital/vendor/laravel/framework/src/Illuminate/Container/BoundMethod.php(31): Illuminate\\Container\\BoundMethod::callBoundMethod(Object(Illuminate\\Foundation\\Application), Array, Object(Closure))
#17 /home/kadismile/Desktop/Projects/Laravel/Bitcapital/vendor/laravel/framework/src/Illuminate/Container/Container.php(564): Illuminate\\Container\\BoundMethod::call(Object(Illuminate\\Foundation\\Application), Array, Array, NULL)
#18 /home/kadismile/Desktop/Projects/Laravel/Bitcapital/vendor/laravel/framework/src/Illuminate/Console/Command.php(179): Illuminate\\Container\\Container->call(Array)
#19 /home/kadismile/Desktop/Projects/Laravel/Bitcapital/vendor/symfony/console/Command/Command.php(251): Illuminate\\Console\\Command->execute(Object(Symfony\\Component\\Console\\Input\\ArgvInput), Object(Illuminate\\Console\\OutputStyle))
#20 /home/kadismile/Desktop/Projects/Laravel/Bitcapital/vendor/laravel/framework/src/Illuminate/Console/Command.php(166): Symfony\\Component\\Console\\Command\\Command->run(Object(Symfony\\Component\\Console\\Input\\ArgvInput), Object(Illuminate\\Console\\OutputStyle))
#21 /home/kadismile/Desktop/Projects/Laravel/Bitcapital/vendor/symfony/console/Application.php(886): Illuminate\\Console\\Command->run(Object(Symfony\\Component\\Console\\Input\\ArgvInput), Object(Symfony\\Component\\Console\\Output\\ConsoleOutput))
#22 /home/kadismile/Desktop/Projects/Laravel/Bitcapital/vendor/symfony/console/Application.php(262): Symfony\\Component\\Console\\Application->doRunCommand(Object(Illuminate\\Database\\Console\\Migrations\\MigrateCommand), Object(Symfony\\Component\\Console\\Input\\ArgvInput), Object(Symfony\\Component\\Console\\Output\\ConsoleOutput))
#23 /home/kadismile/Desktop/Projects/Laravel/Bitcapital/vendor/symfony/console/Application.php(145): Symfony\\Component\\Console\\Application->doRun(Object(Symfony\\Component\\Console\\Input\\ArgvInput), Object(Symfony\\Component\\Console\\Output\\ConsoleOutput))
#24 /home/kadismile/Desktop/Projects/Laravel/Bitcapital/vendor/laravel/framework/src/Illuminate/Console/Application.php(89): Symfony\\Component\\Console\\Application->run(Object(Symfony\\Component\\Console\\Input\\ArgvInput), Object(Symfony\\Component\\Console\\Output\\ConsoleOutput))
#25 /home/kadismile/Desktop/Projects/Laravel/Bitcapital/vendor/laravel/framework/src/Illuminate/Foundation/Console/Kernel.php(122): Illuminate\\Console\\Application->run(Object(Symfony\\Component\\Console\\Input\\ArgvInput), Object(Symfony\\Component\\Console\\Output\\ConsoleOutput))
#26 /home/kadismile/Desktop/Projects/Laravel/Bitcapital/artisan(37): Illuminate\\Foundation\\Console\\Kernel->handle(Object(Symfony\\Component\\Console\\Input\\ArgvInput), Object(Symfony\\Component\\Console\\Output\\ConsoleOutput))
#27 {main}
"} 
